TN:
SF:src\components\NovaTarefa.tsx
FN:9,NovaTarefa
FN:12,handleSubmit
FN:25,onChange
FNF:3
FNH:3
FNDA:8,NovaTarefa
FNDA:2,handleSubmit
FNDA:3,onChange
DA:1,1
DA:2,1
DA:3,1
DA:4,1
DA:5,1
DA:6,1
DA:7,1
DA:8,1
DA:9,8
DA:10,8
DA:11,8
DA:12,8
DA:13,2
DA:14,2
DA:15,2
DA:16,2
DA:17,8
DA:18,8
DA:19,8
DA:20,8
DA:21,8
DA:22,8
DA:23,8
DA:24,8
DA:25,8
DA:26,8
DA:27,8
DA:28,8
DA:29,8
DA:30,8
DA:31,8
LF:31
LH:31
BRDA:9,0,0,8
BRDA:12,1,0,2
BRDA:14,2,0,0
BRDA:25,3,0,3
BRF:4
BRH:3
end_of_record
TN:
SF:src\components\NovaTarefaWrapper.tsx
FN:8,NovaTarefaWrapper
FNF:1
FNH:1
FNDA:2,NovaTarefaWrapper
DA:1,1
DA:2,1
DA:3,1
DA:4,1
DA:5,1
DA:6,1
DA:7,1
DA:8,2
DA:9,2
DA:10,2
DA:11,2
DA:12,2
DA:13,2
DA:14,2
DA:15,2
DA:16,2
DA:17,3
DA:18,2
DA:19,2
DA:20,2
DA:21,2
DA:22,2
LF:22
LH:22
BRDA:8,0,0,2
BRDA:16,1,0,3
BRF:2
BRH:2
end_of_record
TN:
SF:src\hooks\useContadorDeTarefas.ts
FN:4,useContadorDeTarefas
FN:7,adicionarTarefa
FNF:2
FNH:2
FNDA:4,useContadorDeTarefas
FNDA:2,adicionarTarefa
DA:1,1
DA:2,1
DA:3,1
DA:4,4
DA:5,4
DA:6,4
DA:7,4
DA:8,2
DA:9,2
DA:10,4
DA:11,4
DA:12,4
DA:13,4
DA:14,4
DA:15,4
DA:16,4
DA:17,4
LF:17
LH:17
BRDA:4,0,0,4
BRDA:7,1,0,2
BRDA:9,2,0,2
BRF:3
BRH:3
end_of_record
